<?xml version="1.0" encoding="UTF-8"?>
<testng-results skipped="0" failed="0" total="1" passed="1">
  <reporter-output>
  </reporter-output>
  <suite name="Default suite" duration-ms="15505" started-at="2020-05-01T04:30:47Z" finished-at="2020-05-01T04:31:03Z">
    <groups>
    </groups>
    <test name="Default test" duration-ms="15505" started-at="2020-05-01T04:30:47Z" finished-at="2020-05-01T04:31:03Z">
      <class name="test.ExtentReports_usingt_testng">
        <test-method status="PASS" signature="setup()[pri:0, instance:test.ExtentReports_usingt_testng@10bdf5e5]" name="setup" is-config="true" duration-ms="558" started-at="2020-05-01T10:00:47Z" finished-at="2020-05-01T10:00:47Z">
          <reporter-output>
          </reporter-output>
        </test-method> <!-- setup -->
        <test-method status="PASS" signature="setuptest()[pri:0, instance:test.ExtentReports_usingt_testng@10bdf5e5]" name="setuptest" is-config="true" duration-ms="7501" started-at="2020-05-01T10:00:47Z" finished-at="2020-05-01T10:00:55Z">
          <reporter-output>
          </reporter-output>
        </test-method> <!-- setuptest -->
        <test-method status="PASS" signature="test1()[pri:0, instance:test.ExtentReports_usingt_testng@10bdf5e5]" name="test1" duration-ms="3092" started-at="2020-05-01T10:00:55Z" finished-at="2020-05-01T10:00:58Z">
          <reporter-output>
          </reporter-output>
        </test-method> <!-- test1 -->
        <test-method status="PASS" signature="TeardownTest()[pri:0, instance:test.ExtentReports_usingt_testng@10bdf5e5]" name="TeardownTest" is-config="true" duration-ms="4893" started-at="2020-05-01T10:00:58Z" finished-at="2020-05-01T10:01:03Z">
          <reporter-output>
          </reporter-output>
        </test-method> <!-- TeardownTest -->
        <test-method status="PASS" signature="Teardown()[pri:0, instance:test.ExtentReports_usingt_testng@10bdf5e5]" name="Teardown" is-config="true" duration-ms="889" started-at="2020-05-01T10:01:03Z" finished-at="2020-05-01T10:01:04Z">
          <reporter-output>
          </reporter-output>
        </test-method> <!-- Teardown -->
      </class> <!-- test.ExtentReports_usingt_testng -->
    </test> <!-- Default test -->
  </suite> <!-- Default suite -->
</testng-results>
