<?xml version="1.0" encoding="UTF-8"?>
<!-- Generated by org.testng.reporters.JUnitXMLReporter -->
<testsuite hostname="DESKTOP-RR59EM6" name="TestOnIE" tests="1" failures="1" timestamp="15 Apr 2020 06:35:51 GMT" time="8.902" errors="0">
  <testcase name="@AfterTest Teardowntest" time="0.0" classname="demo.TestngMultibrowser">
    <failure type="java.lang.NullPointerException">
      <![CDATA[java.lang.NullPointerException
	at demo.TestngMultibrowser.Teardowntest(TestngMultibrowser.java:62)
	at java.util.concurrent.FutureTask.run(Unknown Source)
	at java.util.concurrent.ThreadPoolExecutor.runWorker(Unknown Source)
	at java.util.concurrent.ThreadPoolExecutor$Worker.run(Unknown Source)
	at java.lang.Thread.run(Unknown Source)
... Removed 14 stack frames]]>
    </failure>
  </testcase> <!-- @AfterTest Teardowntest -->
  <testcase name="Test1" time="4.018" classname="demo.TestngMultibrowser">
    <failure type="java.lang.NullPointerException">
      <![CDATA[java.lang.NullPointerException
	at demo.TestngMultibrowser.Test1(TestngMultibrowser.java:54)
	at java.util.concurrent.FutureTask.run(Unknown Source)
	at java.util.concurrent.ThreadPoolExecutor.runWorker(Unknown Source)
	at java.util.concurrent.ThreadPoolExecutor$Worker.run(Unknown Source)
	at java.lang.Thread.run(Unknown Source)
... Removed 16 stack frames]]>
    </failure>
  </testcase> <!-- Test1 -->
</testsuite> <!-- TestOnIE -->
