<?xml version="1.0" encoding="UTF-8"?>
<!-- Generated by org.testng.reporters.JUnitXMLReporter -->
<testsuite hostname="DESKTOP-RR59EM6" name="Test3" tests="6" failures="0" timestamp="14 Apr 2020 15:23:49 GMT" time="25.432" errors="0">
  <testcase name="" time="0.023" classname="listener.Testlistenerdemo"/>
  <testcase name="" time="25.308" classname="listener.Testlistenerdemo"/>
  <testcase name="" time="0.004" classname="listener.Testlistenerdemo">
    <skipped/>
  </testcase> <!--  -->
  <testcase name="" time="0.008" classname="listener.Testlistenerdemo2"/>
  <testcase name="" time="0.007" classname="listener.Testlistenerdemo2"/>
  <testcase name="" time="0.002" classname="listener.Testlistenerdemo2">
    <skipped/>
  </testcase> <!--  -->
</testsuite> <!-- Test3 -->
