<?xml version="1.0" encoding="UTF-8"?>
<!-- Generated by org.testng.reporters.JUnitXMLReporter -->
<testsuite hostname="DESKTOP-RR59EM6" name="Default test" tests="17" failures="2" timestamp="17 Apr 2020 17:23:54 GMT" time="0.231" errors="0">
  <testcase name="" time="0.031" classname="demo.Testng_Failedretry_demo"/>
  <testcase name="" time="0.002" classname="demo.Testng_Failedretry_demo">
    <skipped/>
  </testcase> <!--  -->
  <testcase name="" time="0.004" classname="demo.Testng_Failedretry_demo">
    <skipped/>
  </testcase> <!--  -->
  <testcase name="" time="0.009" classname="demo.Testng_Failedretry_demo">
    <skipped/>
  </testcase> <!--  -->
  <testcase name="" time="0.003" classname="demo.Testng_Failedretry_demo">
    <skipped/>
  </testcase> <!--  -->
  <testcase name="" time="0.004" classname="demo.Testng_Failedretry_demo">
    <skipped/>
  </testcase> <!--  -->
  <testcase name="" time="0.003" classname="demo.Testng_Failedretry_demo">
    <skipped/>
  </testcase> <!--  -->
  <testcase name="" time="0.006" classname="demo.Testng_Failedretry_demo">
    <skipped/>
  </testcase> <!--  -->
  <testcase name="" time="0.001" classname="demo.Testng_Failedretry_demo">
    <failure type="java.lang.ArithmeticException" message="/ by zero">
      <![CDATA[java.lang.ArithmeticException: / by zero
	at demo.Testng_Failedretry_demo.test2(Testng_Failedretry_demo.java:26)
... Removed 24 stack frames]]>
    </failure>
  </testcase> <!--  -->
  <testcase name="" time="0.003" classname="demo.Testng_Failedretry_demo">
    <skipped/>
  </testcase> <!--  -->
  <testcase name="" time="0.007" classname="demo.Testng_Failedretry_demo">
    <skipped/>
  </testcase> <!--  -->
  <testcase name="" time="0.002" classname="demo.Testng_Failedretry_demo">
    <skipped/>
  </testcase> <!--  -->
  <testcase name="" time="0.005" classname="demo.Testng_Failedretry_demo">
    <skipped/>
  </testcase> <!--  -->
  <testcase name="" time="0.001" classname="demo.Testng_Failedretry_demo">
    <skipped/>
  </testcase> <!--  -->
  <testcase name="" time="0.0" classname="demo.Testng_Failedretry_demo">
    <skipped/>
  </testcase> <!--  -->
  <testcase name="" time="0.002" classname="demo.Testng_Failedretry_demo">
    <skipped/>
  </testcase> <!--  -->
  <testcase name="" time="0.002" classname="demo.Testng_Failedretry_demo">
    <failure type="java.lang.ArithmeticException" message="/ by zero">
      <![CDATA[java.lang.ArithmeticException: / by zero
	at demo.Testng_Failedretry_demo.test3(Testng_Failedretry_demo.java:34)
... Removed 24 stack frames]]>
    </failure>
  </testcase> <!--  -->
</testsuite> <!-- Default test -->
